Performing C SOURCE FILE Test CMAKE_HAVE_LIBC_PTHREAD failed with the following output:
Change Dir: /home/pnotz17/Transmission/build/CMakeFiles/CMakeTmp

Run Build Command(s):/bin/make cmTC_9d345/fast && /bin/make  -f CMakeFiles/cmTC_9d345.dir/build.make CMakeFiles/cmTC_9d345.dir/build
make[1]: Entering directory '/home/pnotz17/Transmission/build/CMakeFiles/CMakeTmp'
Building C object CMakeFiles/cmTC_9d345.dir/src.c.o
/bin/cc -DCMAKE_HAVE_LIBC_PTHREAD   -o CMakeFiles/cmTC_9d345.dir/src.c.o -c /home/pnotz17/Transmission/build/CMakeFiles/CMakeTmp/src.c
Linking C executable cmTC_9d345
/usr/bin/cmake -E cmake_link_script CMakeFiles/cmTC_9d345.dir/link.txt --verbose=1
/bin/cc -rdynamic CMakeFiles/cmTC_9d345.dir/src.c.o -o cmTC_9d345 
/bin/ld: CMakeFiles/cmTC_9d345.dir/src.c.o: in function `main':
src.c:(.text+0x3e): undefined reference to `pthread_create'
/bin/ld: src.c:(.text+0x4a): undefined reference to `pthread_detach'
/bin/ld: src.c:(.text+0x56): undefined reference to `pthread_cancel'
/bin/ld: src.c:(.text+0x67): undefined reference to `pthread_join'
collect2: error: ld returned 1 exit status
make[1]: *** [CMakeFiles/cmTC_9d345.dir/build.make:106: cmTC_9d345] Error 1
make[1]: Leaving directory '/home/pnotz17/Transmission/build/CMakeFiles/CMakeTmp'
make: *** [Makefile:140: cmTC_9d345/fast] Error 2


Source file was:
#include <pthread.h>

static void* test_func(void* data)
{
  return data;
}

int main(void)
{
  pthread_t thread;
  pthread_create(&thread, NULL, test_func, NULL);
  pthread_detach(thread);
  pthread_cancel(thread);
  pthread_join(thread, NULL);
  pthread_atfork(NULL, NULL, NULL);
  pthread_exit(NULL);

  return 0;
}

Determining if the function pthread_create exists in the pthreads failed with the following output:
Change Dir: /home/pnotz17/Transmission/build/CMakeFiles/CMakeTmp

Run Build Command(s):/bin/make cmTC_c023d/fast && /bin/make  -f CMakeFiles/cmTC_c023d.dir/build.make CMakeFiles/cmTC_c023d.dir/build
make[1]: Entering directory '/home/pnotz17/Transmission/build/CMakeFiles/CMakeTmp'
Building C object CMakeFiles/cmTC_c023d.dir/CheckFunctionExists.c.o
/bin/cc   -DCHECK_FUNCTION_EXISTS=pthread_create -o CMakeFiles/cmTC_c023d.dir/CheckFunctionExists.c.o -c /usr/share/cmake-3.19/Modules/CheckFunctionExists.c
Linking C executable cmTC_c023d
/usr/bin/cmake -E cmake_link_script CMakeFiles/cmTC_c023d.dir/link.txt --verbose=1
/bin/cc  -DCHECK_FUNCTION_EXISTS=pthread_create -rdynamic CMakeFiles/cmTC_c023d.dir/CheckFunctionExists.c.o -o cmTC_c023d  -lpthreads 
/bin/ld: cannot find -lpthreads
collect2: error: ld returned 1 exit status
make[1]: *** [CMakeFiles/cmTC_c023d.dir/build.make:106: cmTC_c023d] Error 1
make[1]: Leaving directory '/home/pnotz17/Transmission/build/CMakeFiles/CMakeTmp'
make: *** [Makefile:140: cmTC_c023d/fast] Error 2



Performing C SOURCE FILE Test ICONV_SECOND_ARGUMENT_IS_CONST failed with the following output:
Change Dir: /home/pnotz17/Transmission/build/CMakeFiles/CMakeTmp

Run Build Command(s):/bin/make cmTC_cf33f/fast && /bin/make  -f CMakeFiles/cmTC_cf33f.dir/build.make CMakeFiles/cmTC_cf33f.dir/build
make[1]: Entering directory '/home/pnotz17/Transmission/build/CMakeFiles/CMakeTmp'
Building C object CMakeFiles/cmTC_cf33f.dir/src.c.o
/bin/cc -DICONV_SECOND_ARGUMENT_IS_CONST   -o CMakeFiles/cmTC_cf33f.dir/src.c.o -c /home/pnotz17/Transmission/build/CMakeFiles/CMakeTmp/src.c
/home/pnotz17/Transmission/build/CMakeFiles/CMakeTmp/src.c: In function ‘main’:
/home/pnotz17/Transmission/build/CMakeFiles/CMakeTmp/src.c:10:25: warning: passing argument 2 of ‘iconv’ from incompatible pointer type [-Wincompatible-pointer-types]
   10 |             iconv(conv, &in, &ilen, &out, &olen);
      |                         ^~~
      |                         |
      |                         const char **
In file included from /home/pnotz17/Transmission/build/CMakeFiles/CMakeTmp/src.c:2:
/usr/include/iconv.h:42:54: note: expected ‘char ** restrict’ but argument is of type ‘const char **’
   42 | extern size_t iconv (iconv_t __cd, char **__restrict __inbuf,
      |                                    ~~~~~~~~~~~~~~~~~~^~~~~~~
Linking C executable cmTC_cf33f
/usr/bin/cmake -E cmake_link_script CMakeFiles/cmTC_cf33f.dir/link.txt --verbose=1
/bin/cc -rdynamic CMakeFiles/cmTC_cf33f.dir/src.c.o -o cmTC_cf33f  -lc 
make[1]: Leaving directory '/home/pnotz17/Transmission/build/CMakeFiles/CMakeTmp'


Source file was:

        #include <iconv.h>
        int main()
        {
            iconv_t conv = 0;
            const char * in = 0;
            size_t ilen = 0;
            char * out = 0;
            size_t olen = 0;
            iconv(conv, &in, &ilen, &out, &olen);
            return 0;
        }
Determining if files sys/types.h;sys/event.h exist failed with the following output:
Change Dir: /home/pnotz17/Transmission/build/CMakeFiles/CMakeTmp

Run Build Command(s):/bin/make cmTC_7565e/fast && /bin/make  -f CMakeFiles/cmTC_7565e.dir/build.make CMakeFiles/cmTC_7565e.dir/build
make[1]: Entering directory '/home/pnotz17/Transmission/build/CMakeFiles/CMakeTmp'
Building C object CMakeFiles/cmTC_7565e.dir/HAVE_SYS_EVENT_H.c.o
/bin/cc    -o CMakeFiles/cmTC_7565e.dir/HAVE_SYS_EVENT_H.c.o -c /home/pnotz17/Transmission/build/CMakeFiles/CheckIncludeFiles/HAVE_SYS_EVENT_H.c
/home/pnotz17/Transmission/build/CMakeFiles/CheckIncludeFiles/HAVE_SYS_EVENT_H.c:3:10: fatal error: sys/event.h: No such file or directory
    3 | #include <sys/event.h>
      |          ^~~~~~~~~~~~~
compilation terminated.
make[1]: *** [CMakeFiles/cmTC_7565e.dir/build.make:85: CMakeFiles/cmTC_7565e.dir/HAVE_SYS_EVENT_H.c.o] Error 1
make[1]: Leaving directory '/home/pnotz17/Transmission/build/CMakeFiles/CMakeTmp'
make: *** [Makefile:140: cmTC_7565e/fast] Error 2


Source:
/* */
#include <sys/types.h>
#include <sys/event.h>


int main(void){return 0;}

Determining if the function kqueue exists failed with the following output:
Change Dir: /home/pnotz17/Transmission/build/CMakeFiles/CMakeTmp

Run Build Command(s):/bin/make cmTC_882af/fast && /bin/make  -f CMakeFiles/cmTC_882af.dir/build.make CMakeFiles/cmTC_882af.dir/build
make[1]: Entering directory '/home/pnotz17/Transmission/build/CMakeFiles/CMakeTmp'
Building C object CMakeFiles/cmTC_882af.dir/CheckFunctionExists.c.o
/bin/cc   -DCHECK_FUNCTION_EXISTS=kqueue -o CMakeFiles/cmTC_882af.dir/CheckFunctionExists.c.o -c /usr/share/cmake-3.19/Modules/CheckFunctionExists.c
Linking C executable cmTC_882af
/usr/bin/cmake -E cmake_link_script CMakeFiles/cmTC_882af.dir/link.txt --verbose=1
/bin/cc  -DCHECK_FUNCTION_EXISTS=kqueue -rdynamic CMakeFiles/cmTC_882af.dir/CheckFunctionExists.c.o -o cmTC_882af 
/bin/ld: CMakeFiles/cmTC_882af.dir/CheckFunctionExists.c.o: in function `main':
CheckFunctionExists.c:(.text+0x10): undefined reference to `kqueue'
collect2: error: ld returned 1 exit status
make[1]: *** [CMakeFiles/cmTC_882af.dir/build.make:106: cmTC_882af] Error 1
make[1]: Leaving directory '/home/pnotz17/Transmission/build/CMakeFiles/CMakeTmp'
make: *** [Makefile:140: cmTC_882af/fast] Error 2



Performing C SOURCE FILE Test gnu_c_has_wexit_time_destructors failed with the following output:
Change Dir: /home/pnotz17/Transmission/build/CMakeFiles/CMakeTmp

Run Build Command(s):/bin/make cmTC_d1ceb/fast && /bin/make  -f CMakeFiles/cmTC_d1ceb.dir/build.make CMakeFiles/cmTC_d1ceb.dir/build
make[1]: Entering directory '/home/pnotz17/Transmission/build/CMakeFiles/CMakeTmp'
Building C object CMakeFiles/cmTC_d1ceb.dir/src.c.o
/bin/cc -Dgnu_c_has_wexit_time_destructors  -Werror   -Wexit-time-destructors -o CMakeFiles/cmTC_d1ceb.dir/src.c.o -c /home/pnotz17/Transmission/build/CMakeFiles/CMakeTmp/src.c
cc: error: unrecognized command-line option '-Wexit-time-destructors'
make[1]: *** [CMakeFiles/cmTC_d1ceb.dir/build.make:85: CMakeFiles/cmTC_d1ceb.dir/src.c.o] Error 1
make[1]: Leaving directory '/home/pnotz17/Transmission/build/CMakeFiles/CMakeTmp'
make: *** [Makefile:140: cmTC_d1ceb/fast] Error 2


Source file was:
int main(void) { return 0; }
Performing C++ SOURCE FILE Test gnu_cxx_has_wexit_time_destructors failed with the following output:
Change Dir: /home/pnotz17/Transmission/build/CMakeFiles/CMakeTmp

Run Build Command(s):/bin/make cmTC_b20eb/fast && /bin/make  -f CMakeFiles/cmTC_b20eb.dir/build.make CMakeFiles/cmTC_b20eb.dir/build
make[1]: Entering directory '/home/pnotz17/Transmission/build/CMakeFiles/CMakeTmp'
Building CXX object CMakeFiles/cmTC_b20eb.dir/src.cxx.o
/bin/c++ -Dgnu_cxx_has_wexit_time_destructors  -Werror   -Wexit-time-destructors -o CMakeFiles/cmTC_b20eb.dir/src.cxx.o -c /home/pnotz17/Transmission/build/CMakeFiles/CMakeTmp/src.cxx
c++: error: unrecognized command-line option '-Wexit-time-destructors'
make[1]: *** [CMakeFiles/cmTC_b20eb.dir/build.make:85: CMakeFiles/cmTC_b20eb.dir/src.cxx.o] Error 1
make[1]: Leaving directory '/home/pnotz17/Transmission/build/CMakeFiles/CMakeTmp'
make: *** [Makefile:140: cmTC_b20eb/fast] Error 2


Source file was:
int main() { return 0; }
Performing C SOURCE FILE Test gnu_c_has_wextra_semi failed with the following output:
Change Dir: /home/pnotz17/Transmission/build/CMakeFiles/CMakeTmp

Run Build Command(s):/bin/make cmTC_70952/fast && /bin/make  -f CMakeFiles/cmTC_70952.dir/build.make CMakeFiles/cmTC_70952.dir/build
make[1]: Entering directory '/home/pnotz17/Transmission/build/CMakeFiles/CMakeTmp'
Building C object CMakeFiles/cmTC_70952.dir/src.c.o
/bin/cc -Dgnu_c_has_wextra_semi  -Werror   -Wextra-semi -o CMakeFiles/cmTC_70952.dir/src.c.o -c /home/pnotz17/Transmission/build/CMakeFiles/CMakeTmp/src.c
cc1: error: command-line option '-Wextra-semi' is valid for C++/ObjC++ but not for C [-Werror]
cc1: all warnings being treated as errors
make[1]: *** [CMakeFiles/cmTC_70952.dir/build.make:85: CMakeFiles/cmTC_70952.dir/src.c.o] Error 1
make[1]: Leaving directory '/home/pnotz17/Transmission/build/CMakeFiles/CMakeTmp'
make: *** [Makefile:140: cmTC_70952/fast] Error 2


Source file was:
int main(void) { return 0; }
Performing C SOURCE FILE Test gnu_c_has_wextra_semi_stmt failed with the following output:
Change Dir: /home/pnotz17/Transmission/build/CMakeFiles/CMakeTmp

Run Build Command(s):/bin/make cmTC_37fb5/fast && /bin/make  -f CMakeFiles/cmTC_37fb5.dir/build.make CMakeFiles/cmTC_37fb5.dir/build
make[1]: Entering directory '/home/pnotz17/Transmission/build/CMakeFiles/CMakeTmp'
Building C object CMakeFiles/cmTC_37fb5.dir/src.c.o
/bin/cc -Dgnu_c_has_wextra_semi_stmt  -Werror   -Wextra-semi-stmt -o CMakeFiles/cmTC_37fb5.dir/src.c.o -c /home/pnotz17/Transmission/build/CMakeFiles/CMakeTmp/src.c
cc: error: unrecognized command-line option '-Wextra-semi-stmt'; did you mean '-Wextra-semi'?
make[1]: *** [CMakeFiles/cmTC_37fb5.dir/build.make:85: CMakeFiles/cmTC_37fb5.dir/src.c.o] Error 1
make[1]: Leaving directory '/home/pnotz17/Transmission/build/CMakeFiles/CMakeTmp'
make: *** [Makefile:140: cmTC_37fb5/fast] Error 2


Source file was:
int main(void) { return 0; }
Performing C++ SOURCE FILE Test gnu_cxx_has_wextra_semi_stmt failed with the following output:
Change Dir: /home/pnotz17/Transmission/build/CMakeFiles/CMakeTmp

Run Build Command(s):/bin/make cmTC_97f16/fast && /bin/make  -f CMakeFiles/cmTC_97f16.dir/build.make CMakeFiles/cmTC_97f16.dir/build
make[1]: Entering directory '/home/pnotz17/Transmission/build/CMakeFiles/CMakeTmp'
Building CXX object CMakeFiles/cmTC_97f16.dir/src.cxx.o
/bin/c++ -Dgnu_cxx_has_wextra_semi_stmt  -Werror   -Wextra-semi-stmt -o CMakeFiles/cmTC_97f16.dir/src.cxx.o -c /home/pnotz17/Transmission/build/CMakeFiles/CMakeTmp/src.cxx
c++: error: unrecognized command-line option '-Wextra-semi-stmt'; did you mean '-Wextra-semi'?
make[1]: *** [CMakeFiles/cmTC_97f16.dir/build.make:85: CMakeFiles/cmTC_97f16.dir/src.cxx.o] Error 1
make[1]: Leaving directory '/home/pnotz17/Transmission/build/CMakeFiles/CMakeTmp'
make: *** [Makefile:140: cmTC_97f16/fast] Error 2


Source file was:
int main() { return 0; }
Performing C SOURCE FILE Test gnu_c_has_wextra_tokens failed with the following output:
Change Dir: /home/pnotz17/Transmission/build/CMakeFiles/CMakeTmp

Run Build Command(s):/bin/make cmTC_01210/fast && /bin/make  -f CMakeFiles/cmTC_01210.dir/build.make CMakeFiles/cmTC_01210.dir/build
make[1]: Entering directory '/home/pnotz17/Transmission/build/CMakeFiles/CMakeTmp'
Building C object CMakeFiles/cmTC_01210.dir/src.c.o
/bin/cc -Dgnu_c_has_wextra_tokens  -Werror   -Wextra-tokens -o CMakeFiles/cmTC_01210.dir/src.c.o -c /home/pnotz17/Transmission/build/CMakeFiles/CMakeTmp/src.c
cc: error: unrecognized command-line option '-Wextra-tokens'; did you mean '-Wextra-semi'?
make[1]: *** [CMakeFiles/cmTC_01210.dir/build.make:85: CMakeFiles/cmTC_01210.dir/src.c.o] Error 1
make[1]: Leaving directory '/home/pnotz17/Transmission/build/CMakeFiles/CMakeTmp'
make: *** [Makefile:140: cmTC_01210/fast] Error 2


Source file was:
int main(void) { return 0; }
Performing C++ SOURCE FILE Test gnu_cxx_has_wextra_tokens failed with the following output:
Change Dir: /home/pnotz17/Transmission/build/CMakeFiles/CMakeTmp

Run Build Command(s):/bin/make cmTC_c78e4/fast && /bin/make  -f CMakeFiles/cmTC_c78e4.dir/build.make CMakeFiles/cmTC_c78e4.dir/build
make[1]: Entering directory '/home/pnotz17/Transmission/build/CMakeFiles/CMakeTmp'
Building CXX object CMakeFiles/cmTC_c78e4.dir/src.cxx.o
/bin/c++ -Dgnu_cxx_has_wextra_tokens  -Werror   -Wextra-tokens -o CMakeFiles/cmTC_c78e4.dir/src.cxx.o -c /home/pnotz17/Transmission/build/CMakeFiles/CMakeTmp/src.cxx
c++: error: unrecognized command-line option '-Wextra-tokens'; did you mean '-Wextra-semi'?
make[1]: *** [CMakeFiles/cmTC_c78e4.dir/build.make:85: CMakeFiles/cmTC_c78e4.dir/src.cxx.o] Error 1
make[1]: Leaving directory '/home/pnotz17/Transmission/build/CMakeFiles/CMakeTmp'
make: *** [Makefile:140: cmTC_c78e4/fast] Error 2


Source file was:
int main() { return 0; }
Performing C SOURCE FILE Test gnu_c_has_wgnu failed with the following output:
Change Dir: /home/pnotz17/Transmission/build/CMakeFiles/CMakeTmp

Run Build Command(s):/bin/make cmTC_82d5c/fast && /bin/make  -f CMakeFiles/cmTC_82d5c.dir/build.make CMakeFiles/cmTC_82d5c.dir/build
make[1]: Entering directory '/home/pnotz17/Transmission/build/CMakeFiles/CMakeTmp'
Building C object CMakeFiles/cmTC_82d5c.dir/src.c.o
/bin/cc -Dgnu_c_has_wgnu  -Werror   -Wgnu -o CMakeFiles/cmTC_82d5c.dir/src.c.o -c /home/pnotz17/Transmission/build/CMakeFiles/CMakeTmp/src.c
cc: error: unrecognized command-line option '-Wgnu'
make[1]: *** [CMakeFiles/cmTC_82d5c.dir/build.make:85: CMakeFiles/cmTC_82d5c.dir/src.c.o] Error 1
make[1]: Leaving directory '/home/pnotz17/Transmission/build/CMakeFiles/CMakeTmp'
make: *** [Makefile:140: cmTC_82d5c/fast] Error 2


Source file was:
int main(void) { return 0; }
Performing C++ SOURCE FILE Test gnu_cxx_has_wgnu failed with the following output:
Change Dir: /home/pnotz17/Transmission/build/CMakeFiles/CMakeTmp

Run Build Command(s):/bin/make cmTC_8cf10/fast && /bin/make  -f CMakeFiles/cmTC_8cf10.dir/build.make CMakeFiles/cmTC_8cf10.dir/build
make[1]: Entering directory '/home/pnotz17/Transmission/build/CMakeFiles/CMakeTmp'
Building CXX object CMakeFiles/cmTC_8cf10.dir/src.cxx.o
/bin/c++ -Dgnu_cxx_has_wgnu  -Werror   -Wgnu -o CMakeFiles/cmTC_8cf10.dir/src.cxx.o -c /home/pnotz17/Transmission/build/CMakeFiles/CMakeTmp/src.cxx
c++: error: unrecognized command-line option '-Wgnu'
make[1]: *** [CMakeFiles/cmTC_8cf10.dir/build.make:85: CMakeFiles/cmTC_8cf10.dir/src.cxx.o] Error 1
make[1]: Leaving directory '/home/pnotz17/Transmission/build/CMakeFiles/CMakeTmp'
make: *** [Makefile:140: cmTC_8cf10/fast] Error 2


Source file was:
int main() { return 0; }
Performing C++ SOURCE FILE Test gnu_cxx_has_wnested_externs failed with the following output:
Change Dir: /home/pnotz17/Transmission/build/CMakeFiles/CMakeTmp

Run Build Command(s):/bin/make cmTC_c6f8c/fast && /bin/make  -f CMakeFiles/cmTC_c6f8c.dir/build.make CMakeFiles/cmTC_c6f8c.dir/build
make[1]: Entering directory '/home/pnotz17/Transmission/build/CMakeFiles/CMakeTmp'
Building CXX object CMakeFiles/cmTC_c6f8c.dir/src.cxx.o
/bin/c++ -Dgnu_cxx_has_wnested_externs  -Werror   -Wnested-externs -o CMakeFiles/cmTC_c6f8c.dir/src.cxx.o -c /home/pnotz17/Transmission/build/CMakeFiles/CMakeTmp/src.cxx
cc1plus: error: command-line option '-Wnested-externs' is valid for C/ObjC but not for C++ [-Werror]
cc1plus: all warnings being treated as errors
make[1]: *** [CMakeFiles/cmTC_c6f8c.dir/build.make:85: CMakeFiles/cmTC_c6f8c.dir/src.cxx.o] Error 1
make[1]: Leaving directory '/home/pnotz17/Transmission/build/CMakeFiles/CMakeTmp'
make: *** [Makefile:140: cmTC_c6f8c/fast] Error 2


Source file was:
int main() { return 0; }
Performing C SOURCE FILE Test gnu_c_has_wredundant_move failed with the following output:
Change Dir: /home/pnotz17/Transmission/build/CMakeFiles/CMakeTmp

Run Build Command(s):/bin/make cmTC_d5fbc/fast && /bin/make  -f CMakeFiles/cmTC_d5fbc.dir/build.make CMakeFiles/cmTC_d5fbc.dir/build
make[1]: Entering directory '/home/pnotz17/Transmission/build/CMakeFiles/CMakeTmp'
Building C object CMakeFiles/cmTC_d5fbc.dir/src.c.o
/bin/cc -Dgnu_c_has_wredundant_move  -Werror   -Wredundant-move -o CMakeFiles/cmTC_d5fbc.dir/src.c.o -c /home/pnotz17/Transmission/build/CMakeFiles/CMakeTmp/src.c
cc1: error: command-line option '-Wredundant-move' is valid for C++/ObjC++ but not for C [-Werror]
cc1: all warnings being treated as errors
make[1]: *** [CMakeFiles/cmTC_d5fbc.dir/build.make:85: CMakeFiles/cmTC_d5fbc.dir/src.c.o] Error 1
make[1]: Leaving directory '/home/pnotz17/Transmission/build/CMakeFiles/CMakeTmp'
make: *** [Makefile:140: cmTC_d5fbc/fast] Error 2


Source file was:
int main(void) { return 0; }
Performing C SOURCE FILE Test gnu_c_has_wreorder_ctor failed with the following output:
Change Dir: /home/pnotz17/Transmission/build/CMakeFiles/CMakeTmp

Run Build Command(s):/bin/make cmTC_0f728/fast && /bin/make  -f CMakeFiles/cmTC_0f728.dir/build.make CMakeFiles/cmTC_0f728.dir/build
make[1]: Entering directory '/home/pnotz17/Transmission/build/CMakeFiles/CMakeTmp'
Building C object CMakeFiles/cmTC_0f728.dir/src.c.o
/bin/cc -Dgnu_c_has_wreorder_ctor  -Werror   -Wreorder-ctor -o CMakeFiles/cmTC_0f728.dir/src.c.o -c /home/pnotz17/Transmission/build/CMakeFiles/CMakeTmp/src.c
cc: error: unrecognized command-line option '-Wreorder-ctor'; did you mean '-Wreorder'?
make[1]: *** [CMakeFiles/cmTC_0f728.dir/build.make:85: CMakeFiles/cmTC_0f728.dir/src.c.o] Error 1
make[1]: Leaving directory '/home/pnotz17/Transmission/build/CMakeFiles/CMakeTmp'
make: *** [Makefile:140: cmTC_0f728/fast] Error 2


Source file was:
int main(void) { return 0; }
Performing C++ SOURCE FILE Test gnu_cxx_has_wreorder_ctor failed with the following output:
Change Dir: /home/pnotz17/Transmission/build/CMakeFiles/CMakeTmp

Run Build Command(s):/bin/make cmTC_b2d5f/fast && /bin/make  -f CMakeFiles/cmTC_b2d5f.dir/build.make CMakeFiles/cmTC_b2d5f.dir/build
make[1]: Entering directory '/home/pnotz17/Transmission/build/CMakeFiles/CMakeTmp'
Building CXX object CMakeFiles/cmTC_b2d5f.dir/src.cxx.o
/bin/c++ -Dgnu_cxx_has_wreorder_ctor  -Werror   -Wreorder-ctor -o CMakeFiles/cmTC_b2d5f.dir/src.cxx.o -c /home/pnotz17/Transmission/build/CMakeFiles/CMakeTmp/src.cxx
c++: error: unrecognized command-line option '-Wreorder-ctor'; did you mean '-Wreorder'?
make[1]: *** [CMakeFiles/cmTC_b2d5f.dir/build.make:85: CMakeFiles/cmTC_b2d5f.dir/src.cxx.o] Error 1
make[1]: Leaving directory '/home/pnotz17/Transmission/build/CMakeFiles/CMakeTmp'
make: *** [Makefile:140: cmTC_b2d5f/fast] Error 2


Source file was:
int main() { return 0; }
Performing C SOURCE FILE Test gnu_c_has_wreturn_std_move failed with the following output:
Change Dir: /home/pnotz17/Transmission/build/CMakeFiles/CMakeTmp

Run Build Command(s):/bin/make cmTC_76fdd/fast && /bin/make  -f CMakeFiles/cmTC_76fdd.dir/build.make CMakeFiles/cmTC_76fdd.dir/build
make[1]: Entering directory '/home/pnotz17/Transmission/build/CMakeFiles/CMakeTmp'
Building C object CMakeFiles/cmTC_76fdd.dir/src.c.o
/bin/cc -Dgnu_c_has_wreturn_std_move  -Werror   -Wreturn-std-move -o CMakeFiles/cmTC_76fdd.dir/src.c.o -c /home/pnotz17/Transmission/build/CMakeFiles/CMakeTmp/src.c
cc: error: unrecognized command-line option '-Wreturn-std-move'
make[1]: *** [CMakeFiles/cmTC_76fdd.dir/build.make:85: CMakeFiles/cmTC_76fdd.dir/src.c.o] Error 1
make[1]: Leaving directory '/home/pnotz17/Transmission/build/CMakeFiles/CMakeTmp'
make: *** [Makefile:140: cmTC_76fdd/fast] Error 2


Source file was:
int main(void) { return 0; }
Performing C++ SOURCE FILE Test gnu_cxx_has_wreturn_std_move failed with the following output:
Change Dir: /home/pnotz17/Transmission/build/CMakeFiles/CMakeTmp

Run Build Command(s):/bin/make cmTC_f4f0c/fast && /bin/make  -f CMakeFiles/cmTC_f4f0c.dir/build.make CMakeFiles/cmTC_f4f0c.dir/build
make[1]: Entering directory '/home/pnotz17/Transmission/build/CMakeFiles/CMakeTmp'
Building CXX object CMakeFiles/cmTC_f4f0c.dir/src.cxx.o
/bin/c++ -Dgnu_cxx_has_wreturn_std_move  -Werror   -Wreturn-std-move -o CMakeFiles/cmTC_f4f0c.dir/src.cxx.o -c /home/pnotz17/Transmission/build/CMakeFiles/CMakeTmp/src.cxx
c++: error: unrecognized command-line option '-Wreturn-std-move'
make[1]: *** [CMakeFiles/cmTC_f4f0c.dir/build.make:85: CMakeFiles/cmTC_f4f0c.dir/src.cxx.o] Error 1
make[1]: Leaving directory '/home/pnotz17/Transmission/build/CMakeFiles/CMakeTmp'
make: *** [Makefile:140: cmTC_f4f0c/fast] Error 2


Source file was:
int main() { return 0; }
Performing C SOURCE FILE Test gnu_c_has_wself_assign failed with the following output:
Change Dir: /home/pnotz17/Transmission/build/CMakeFiles/CMakeTmp

Run Build Command(s):/bin/make cmTC_09ac7/fast && /bin/make  -f CMakeFiles/cmTC_09ac7.dir/build.make CMakeFiles/cmTC_09ac7.dir/build
make[1]: Entering directory '/home/pnotz17/Transmission/build/CMakeFiles/CMakeTmp'
Building C object CMakeFiles/cmTC_09ac7.dir/src.c.o
/bin/cc -Dgnu_c_has_wself_assign  -Werror   -Wself-assign -o CMakeFiles/cmTC_09ac7.dir/src.c.o -c /home/pnotz17/Transmission/build/CMakeFiles/CMakeTmp/src.c
cc: error: unrecognized command-line option '-Wself-assign'
make[1]: *** [CMakeFiles/cmTC_09ac7.dir/build.make:85: CMakeFiles/cmTC_09ac7.dir/src.c.o] Error 1
make[1]: Leaving directory '/home/pnotz17/Transmission/build/CMakeFiles/CMakeTmp'
make: *** [Makefile:140: cmTC_09ac7/fast] Error 2


Source file was:
int main(void) { return 0; }
Performing C++ SOURCE FILE Test gnu_cxx_has_wself_assign failed with the following output:
Change Dir: /home/pnotz17/Transmission/build/CMakeFiles/CMakeTmp

Run Build Command(s):/bin/make cmTC_760c1/fast && /bin/make  -f CMakeFiles/cmTC_760c1.dir/build.make CMakeFiles/cmTC_760c1.dir/build
make[1]: Entering directory '/home/pnotz17/Transmission/build/CMakeFiles/CMakeTmp'
Building CXX object CMakeFiles/cmTC_760c1.dir/src.cxx.o
/bin/c++ -Dgnu_cxx_has_wself_assign  -Werror   -Wself-assign -o CMakeFiles/cmTC_760c1.dir/src.cxx.o -c /home/pnotz17/Transmission/build/CMakeFiles/CMakeTmp/src.cxx
c++: error: unrecognized command-line option '-Wself-assign'
make[1]: *** [CMakeFiles/cmTC_760c1.dir/build.make:85: CMakeFiles/cmTC_760c1.dir/src.cxx.o] Error 1
make[1]: Leaving directory '/home/pnotz17/Transmission/build/CMakeFiles/CMakeTmp'
make: *** [Makefile:140: cmTC_760c1/fast] Error 2


Source file was:
int main() { return 0; }
Performing C SOURCE FILE Test gnu_c_has_wself_move failed with the following output:
Change Dir: /home/pnotz17/Transmission/build/CMakeFiles/CMakeTmp

Run Build Command(s):/bin/make cmTC_6b391/fast && /bin/make  -f CMakeFiles/cmTC_6b391.dir/build.make CMakeFiles/cmTC_6b391.dir/build
make[1]: Entering directory '/home/pnotz17/Transmission/build/CMakeFiles/CMakeTmp'
Building C object CMakeFiles/cmTC_6b391.dir/src.c.o
/bin/cc -Dgnu_c_has_wself_move  -Werror   -Wself-move -o CMakeFiles/cmTC_6b391.dir/src.c.o -c /home/pnotz17/Transmission/build/CMakeFiles/CMakeTmp/src.c
cc: error: unrecognized command-line option '-Wself-move'
make[1]: *** [CMakeFiles/cmTC_6b391.dir/build.make:85: CMakeFiles/cmTC_6b391.dir/src.c.o] Error 1
make[1]: Leaving directory '/home/pnotz17/Transmission/build/CMakeFiles/CMakeTmp'
make: *** [Makefile:140: cmTC_6b391/fast] Error 2


Source file was:
int main(void) { return 0; }
Performing C++ SOURCE FILE Test gnu_cxx_has_wself_move failed with the following output:
Change Dir: /home/pnotz17/Transmission/build/CMakeFiles/CMakeTmp

Run Build Command(s):/bin/make cmTC_c299d/fast && /bin/make  -f CMakeFiles/cmTC_c299d.dir/build.make CMakeFiles/cmTC_c299d.dir/build
make[1]: Entering directory '/home/pnotz17/Transmission/build/CMakeFiles/CMakeTmp'
Building CXX object CMakeFiles/cmTC_c299d.dir/src.cxx.o
/bin/c++ -Dgnu_cxx_has_wself_move  -Werror   -Wself-move -o CMakeFiles/cmTC_c299d.dir/src.cxx.o -c /home/pnotz17/Transmission/build/CMakeFiles/CMakeTmp/src.cxx
c++: error: unrecognized command-line option '-Wself-move'
make[1]: *** [CMakeFiles/cmTC_c299d.dir/build.make:85: CMakeFiles/cmTC_c299d.dir/src.cxx.o] Error 1
make[1]: Leaving directory '/home/pnotz17/Transmission/build/CMakeFiles/CMakeTmp'
make: *** [Makefile:140: cmTC_c299d/fast] Error 2


Source file was:
int main() { return 0; }
Performing C SOURCE FILE Test gnu_c_has_wsemicolon_before_method_body failed with the following output:
Change Dir: /home/pnotz17/Transmission/build/CMakeFiles/CMakeTmp

Run Build Command(s):/bin/make cmTC_4ac0e/fast && /bin/make  -f CMakeFiles/cmTC_4ac0e.dir/build.make CMakeFiles/cmTC_4ac0e.dir/build
make[1]: Entering directory '/home/pnotz17/Transmission/build/CMakeFiles/CMakeTmp'
Building C object CMakeFiles/cmTC_4ac0e.dir/src.c.o
/bin/cc -Dgnu_c_has_wsemicolon_before_method_body  -Werror   -Wsemicolon-before-method-body -o CMakeFiles/cmTC_4ac0e.dir/src.c.o -c /home/pnotz17/Transmission/build/CMakeFiles/CMakeTmp/src.c
cc: error: unrecognized command-line option '-Wsemicolon-before-method-body'
make[1]: *** [CMakeFiles/cmTC_4ac0e.dir/build.make:85: CMakeFiles/cmTC_4ac0e.dir/src.c.o] Error 1
make[1]: Leaving directory '/home/pnotz17/Transmission/build/CMakeFiles/CMakeTmp'
make: *** [Makefile:140: cmTC_4ac0e/fast] Error 2


Source file was:
int main(void) { return 0; }
Performing C++ SOURCE FILE Test gnu_cxx_has_wsemicolon_before_method_body failed with the following output:
Change Dir: /home/pnotz17/Transmission/build/CMakeFiles/CMakeTmp

Run Build Command(s):/bin/make cmTC_08dcb/fast && /bin/make  -f CMakeFiles/cmTC_08dcb.dir/build.make CMakeFiles/cmTC_08dcb.dir/build
make[1]: Entering directory '/home/pnotz17/Transmission/build/CMakeFiles/CMakeTmp'
Building CXX object CMakeFiles/cmTC_08dcb.dir/src.cxx.o
/bin/c++ -Dgnu_cxx_has_wsemicolon_before_method_body  -Werror   -Wsemicolon-before-method-body -o CMakeFiles/cmTC_08dcb.dir/src.cxx.o -c /home/pnotz17/Transmission/build/CMakeFiles/CMakeTmp/src.cxx
c++: error: unrecognized command-line option '-Wsemicolon-before-method-body'
make[1]: *** [CMakeFiles/cmTC_08dcb.dir/build.make:85: CMakeFiles/cmTC_08dcb.dir/src.cxx.o] Error 1
make[1]: Leaving directory '/home/pnotz17/Transmission/build/CMakeFiles/CMakeTmp'
make: *** [Makefile:140: cmTC_08dcb/fast] Error 2


Source file was:
int main() { return 0; }
Performing C SOURCE FILE Test gnu_c_has_wsentinel failed with the following output:
Change Dir: /home/pnotz17/Transmission/build/CMakeFiles/CMakeTmp

Run Build Command(s):/bin/make cmTC_b18c8/fast && /bin/make  -f CMakeFiles/cmTC_b18c8.dir/build.make CMakeFiles/cmTC_b18c8.dir/build
make[1]: Entering directory '/home/pnotz17/Transmission/build/CMakeFiles/CMakeTmp'
Building C object CMakeFiles/cmTC_b18c8.dir/src.c.o
/bin/cc -Dgnu_c_has_wsentinel  -Werror   -Wsentinel -o CMakeFiles/cmTC_b18c8.dir/src.c.o -c /home/pnotz17/Transmission/build/CMakeFiles/CMakeTmp/src.c
cc: error: unrecognized command-line option '-Wsentinel'
make[1]: *** [CMakeFiles/cmTC_b18c8.dir/build.make:85: CMakeFiles/cmTC_b18c8.dir/src.c.o] Error 1
make[1]: Leaving directory '/home/pnotz17/Transmission/build/CMakeFiles/CMakeTmp'
make: *** [Makefile:140: cmTC_b18c8/fast] Error 2


Source file was:
int main(void) { return 0; }
Performing C++ SOURCE FILE Test gnu_cxx_has_wsentinel failed with the following output:
Change Dir: /home/pnotz17/Transmission/build/CMakeFiles/CMakeTmp

Run Build Command(s):/bin/make cmTC_dfe7c/fast && /bin/make  -f CMakeFiles/cmTC_dfe7c.dir/build.make CMakeFiles/cmTC_dfe7c.dir/build
make[1]: Entering directory '/home/pnotz17/Transmission/build/CMakeFiles/CMakeTmp'
Building CXX object CMakeFiles/cmTC_dfe7c.dir/src.cxx.o
/bin/c++ -Dgnu_cxx_has_wsentinel  -Werror   -Wsentinel -o CMakeFiles/cmTC_dfe7c.dir/src.cxx.o -c /home/pnotz17/Transmission/build/CMakeFiles/CMakeTmp/src.cxx
c++: error: unrecognized command-line option '-Wsentinel'
make[1]: *** [CMakeFiles/cmTC_dfe7c.dir/build.make:85: CMakeFiles/cmTC_dfe7c.dir/src.cxx.o] Error 1
make[1]: Leaving directory '/home/pnotz17/Transmission/build/CMakeFiles/CMakeTmp'
make: *** [Makefile:140: cmTC_dfe7c/fast] Error 2


Source file was:
int main() { return 0; }
Performing C SOURCE FILE Test gnu_c_has_wsometimes_uninitialized failed with the following output:
Change Dir: /home/pnotz17/Transmission/build/CMakeFiles/CMakeTmp

Run Build Command(s):/bin/make cmTC_d638a/fast && /bin/make  -f CMakeFiles/cmTC_d638a.dir/build.make CMakeFiles/cmTC_d638a.dir/build
make[1]: Entering directory '/home/pnotz17/Transmission/build/CMakeFiles/CMakeTmp'
Building C object CMakeFiles/cmTC_d638a.dir/src.c.o
/bin/cc -Dgnu_c_has_wsometimes_uninitialized  -Werror   -Wsometimes-uninitialized -o CMakeFiles/cmTC_d638a.dir/src.c.o -c /home/pnotz17/Transmission/build/CMakeFiles/CMakeTmp/src.c
cc: error: unrecognized command-line option '-Wsometimes-uninitialized'; did you mean '-Wmaybe-uninitialized'?
make[1]: *** [CMakeFiles/cmTC_d638a.dir/build.make:85: CMakeFiles/cmTC_d638a.dir/src.c.o] Error 1
make[1]: Leaving directory '/home/pnotz17/Transmission/build/CMakeFiles/CMakeTmp'
make: *** [Makefile:140: cmTC_d638a/fast] Error 2


Source file was:
int main(void) { return 0; }
Performing C++ SOURCE FILE Test gnu_cxx_has_wsometimes_uninitialized failed with the following output:
Change Dir: /home/pnotz17/Transmission/build/CMakeFiles/CMakeTmp

Run Build Command(s):/bin/make cmTC_b314d/fast && /bin/make  -f CMakeFiles/cmTC_b314d.dir/build.make CMakeFiles/cmTC_b314d.dir/build
make[1]: Entering directory '/home/pnotz17/Transmission/build/CMakeFiles/CMakeTmp'
Building CXX object CMakeFiles/cmTC_b314d.dir/src.cxx.o
/bin/c++ -Dgnu_cxx_has_wsometimes_uninitialized  -Werror   -Wsometimes-uninitialized -o CMakeFiles/cmTC_b314d.dir/src.cxx.o -c /home/pnotz17/Transmission/build/CMakeFiles/CMakeTmp/src.cxx
c++: error: unrecognized command-line option '-Wsometimes-uninitialized'; did you mean '-Wmaybe-uninitialized'?
make[1]: *** [CMakeFiles/cmTC_b314d.dir/build.make:85: CMakeFiles/cmTC_b314d.dir/src.cxx.o] Error 1
make[1]: Leaving directory '/home/pnotz17/Transmission/build/CMakeFiles/CMakeTmp'
make: *** [Makefile:140: cmTC_b314d/fast] Error 2


Source file was:
int main() { return 0; }
Performing C++ SOURCE FILE Test gnu_cxx_has_wstrict_prototypes failed with the following output:
Change Dir: /home/pnotz17/Transmission/build/CMakeFiles/CMakeTmp

Run Build Command(s):/bin/make cmTC_9662a/fast && /bin/make  -f CMakeFiles/cmTC_9662a.dir/build.make CMakeFiles/cmTC_9662a.dir/build
make[1]: Entering directory '/home/pnotz17/Transmission/build/CMakeFiles/CMakeTmp'
Building CXX object CMakeFiles/cmTC_9662a.dir/src.cxx.o
/bin/c++ -Dgnu_cxx_has_wstrict_prototypes  -Werror   -Wstrict-prototypes -o CMakeFiles/cmTC_9662a.dir/src.cxx.o -c /home/pnotz17/Transmission/build/CMakeFiles/CMakeTmp/src.cxx
cc1plus: error: command-line option '-Wstrict-prototypes' is valid for C/ObjC but not for C++ [-Werror]
cc1plus: all warnings being treated as errors
make[1]: *** [CMakeFiles/cmTC_9662a.dir/build.make:85: CMakeFiles/cmTC_9662a.dir/src.cxx.o] Error 1
make[1]: Leaving directory '/home/pnotz17/Transmission/build/CMakeFiles/CMakeTmp'
make: *** [Makefile:140: cmTC_9662a/fast] Error 2


Source file was:
int main() { return 0; }
Performing C SOURCE FILE Test gnu_c_has_wstring_conversion failed with the following output:
Change Dir: /home/pnotz17/Transmission/build/CMakeFiles/CMakeTmp

Run Build Command(s):/bin/make cmTC_1a7e2/fast && /bin/make  -f CMakeFiles/cmTC_1a7e2.dir/build.make CMakeFiles/cmTC_1a7e2.dir/build
make[1]: Entering directory '/home/pnotz17/Transmission/build/CMakeFiles/CMakeTmp'
Building C object CMakeFiles/cmTC_1a7e2.dir/src.c.o
/bin/cc -Dgnu_c_has_wstring_conversion  -Werror   -Wstring-conversion -o CMakeFiles/cmTC_1a7e2.dir/src.c.o -c /home/pnotz17/Transmission/build/CMakeFiles/CMakeTmp/src.c
cc: error: unrecognized command-line option '-Wstring-conversion'; did you mean '-Wsign-conversion'?
make[1]: *** [CMakeFiles/cmTC_1a7e2.dir/build.make:85: CMakeFiles/cmTC_1a7e2.dir/src.c.o] Error 1
make[1]: Leaving directory '/home/pnotz17/Transmission/build/CMakeFiles/CMakeTmp'
make: *** [Makefile:140: cmTC_1a7e2/fast] Error 2


Source file was:
int main(void) { return 0; }
Performing C++ SOURCE FILE Test gnu_cxx_has_wstring_conversion failed with the following output:
Change Dir: /home/pnotz17/Transmission/build/CMakeFiles/CMakeTmp

Run Build Command(s):/bin/make cmTC_bc60c/fast && /bin/make  -f CMakeFiles/cmTC_bc60c.dir/build.make CMakeFiles/cmTC_bc60c.dir/build
make[1]: Entering directory '/home/pnotz17/Transmission/build/CMakeFiles/CMakeTmp'
Building CXX object CMakeFiles/cmTC_bc60c.dir/src.cxx.o
/bin/c++ -Dgnu_cxx_has_wstring_conversion  -Werror   -Wstring-conversion -o CMakeFiles/cmTC_bc60c.dir/src.cxx.o -c /home/pnotz17/Transmission/build/CMakeFiles/CMakeTmp/src.cxx
c++: error: unrecognized command-line option '-Wstring-conversion'; did you mean '-Wsign-conversion'?
make[1]: *** [CMakeFiles/cmTC_bc60c.dir/build.make:85: CMakeFiles/cmTC_bc60c.dir/src.cxx.o] Error 1
make[1]: Leaving directory '/home/pnotz17/Transmission/build/CMakeFiles/CMakeTmp'
make: *** [Makefile:140: cmTC_bc60c/fast] Error 2


Source file was:
int main() { return 0; }
Performing C SOURCE FILE Test gnu_c_has_wsuggest_destructor_override failed with the following output:
Change Dir: /home/pnotz17/Transmission/build/CMakeFiles/CMakeTmp

Run Build Command(s):/bin/make cmTC_e4d57/fast && /bin/make  -f CMakeFiles/cmTC_e4d57.dir/build.make CMakeFiles/cmTC_e4d57.dir/build
make[1]: Entering directory '/home/pnotz17/Transmission/build/CMakeFiles/CMakeTmp'
Building C object CMakeFiles/cmTC_e4d57.dir/src.c.o
/bin/cc -Dgnu_c_has_wsuggest_destructor_override  -Werror   -Wsuggest-destructor-override -o CMakeFiles/cmTC_e4d57.dir/src.c.o -c /home/pnotz17/Transmission/build/CMakeFiles/CMakeTmp/src.c
cc: error: unrecognized command-line option '-Wsuggest-destructor-override'
make[1]: *** [CMakeFiles/cmTC_e4d57.dir/build.make:85: CMakeFiles/cmTC_e4d57.dir/src.c.o] Error 1
make[1]: Leaving directory '/home/pnotz17/Transmission/build/CMakeFiles/CMakeTmp'
make: *** [Makefile:140: cmTC_e4d57/fast] Error 2


Source file was:
int main(void) { return 0; }
Performing C++ SOURCE FILE Test gnu_cxx_has_wsuggest_destructor_override failed with the following output:
Change Dir: /home/pnotz17/Transmission/build/CMakeFiles/CMakeTmp

Run Build Command(s):/bin/make cmTC_5be7c/fast && /bin/make  -f CMakeFiles/cmTC_5be7c.dir/build.make CMakeFiles/cmTC_5be7c.dir/build
make[1]: Entering directory '/home/pnotz17/Transmission/build/CMakeFiles/CMakeTmp'
Building CXX object CMakeFiles/cmTC_5be7c.dir/src.cxx.o
/bin/c++ -Dgnu_cxx_has_wsuggest_destructor_override  -Werror   -Wsuggest-destructor-override -o CMakeFiles/cmTC_5be7c.dir/src.cxx.o -c /home/pnotz17/Transmission/build/CMakeFiles/CMakeTmp/src.cxx
c++: error: unrecognized command-line option '-Wsuggest-destructor-override'
make[1]: *** [CMakeFiles/cmTC_5be7c.dir/build.make:85: CMakeFiles/cmTC_5be7c.dir/src.cxx.o] Error 1
make[1]: Leaving directory '/home/pnotz17/Transmission/build/CMakeFiles/CMakeTmp'
make: *** [Makefile:140: cmTC_5be7c/fast] Error 2


Source file was:
int main() { return 0; }
Performing C SOURCE FILE Test gnu_c_has_wsuggest_override failed with the following output:
Change Dir: /home/pnotz17/Transmission/build/CMakeFiles/CMakeTmp

Run Build Command(s):/bin/make cmTC_bd463/fast && /bin/make  -f CMakeFiles/cmTC_bd463.dir/build.make CMakeFiles/cmTC_bd463.dir/build
make[1]: Entering directory '/home/pnotz17/Transmission/build/CMakeFiles/CMakeTmp'
Building C object CMakeFiles/cmTC_bd463.dir/src.c.o
/bin/cc -Dgnu_c_has_wsuggest_override  -Werror   -Wsuggest-override -o CMakeFiles/cmTC_bd463.dir/src.c.o -c /home/pnotz17/Transmission/build/CMakeFiles/CMakeTmp/src.c
cc1: error: command-line option '-Wsuggest-override' is valid for C++/ObjC++ but not for C [-Werror]
cc1: all warnings being treated as errors
make[1]: *** [CMakeFiles/cmTC_bd463.dir/build.make:85: CMakeFiles/cmTC_bd463.dir/src.c.o] Error 1
make[1]: Leaving directory '/home/pnotz17/Transmission/build/CMakeFiles/CMakeTmp'
make: *** [Makefile:140: cmTC_bd463/fast] Error 2


Source file was:
int main(void) { return 0; }
Performing C SOURCE FILE Test gnu_c_has_wformat_security failed with the following output:
Change Dir: /home/pnotz17/Transmission/build/CMakeFiles/CMakeTmp

Run Build Command(s):/bin/make cmTC_b9d18/fast && /bin/make  -f CMakeFiles/cmTC_b9d18.dir/build.make CMakeFiles/cmTC_b9d18.dir/build
make[1]: Entering directory '/home/pnotz17/Transmission/build/CMakeFiles/CMakeTmp'
Building C object CMakeFiles/cmTC_b9d18.dir/src.c.o
/bin/cc -Dgnu_c_has_wformat_security  -Werror   -Wformat-security -o CMakeFiles/cmTC_b9d18.dir/src.c.o -c /home/pnotz17/Transmission/build/CMakeFiles/CMakeTmp/src.c
cc1: error: '-Wformat-security' ignored without '-Wformat' [-Werror=format-security]
cc1: all warnings being treated as errors
make[1]: *** [CMakeFiles/cmTC_b9d18.dir/build.make:85: CMakeFiles/cmTC_b9d18.dir/src.c.o] Error 1
make[1]: Leaving directory '/home/pnotz17/Transmission/build/CMakeFiles/CMakeTmp'
make: *** [Makefile:140: cmTC_b9d18/fast] Error 2


Source file was:
int main(void) { return 0; }
Performing C++ SOURCE FILE Test gnu_cxx_has_wformat_security failed with the following output:
Change Dir: /home/pnotz17/Transmission/build/CMakeFiles/CMakeTmp

Run Build Command(s):/bin/make cmTC_d2e6c/fast && /bin/make  -f CMakeFiles/cmTC_d2e6c.dir/build.make CMakeFiles/cmTC_d2e6c.dir/build
make[1]: Entering directory '/home/pnotz17/Transmission/build/CMakeFiles/CMakeTmp'
Building CXX object CMakeFiles/cmTC_d2e6c.dir/src.cxx.o
/bin/c++ -Dgnu_cxx_has_wformat_security  -Werror   -Wformat-security -o CMakeFiles/cmTC_d2e6c.dir/src.cxx.o -c /home/pnotz17/Transmission/build/CMakeFiles/CMakeTmp/src.cxx
cc1plus: error: '-Wformat-security' ignored without '-Wformat' [-Werror=format-security]
cc1plus: all warnings being treated as errors
make[1]: *** [CMakeFiles/cmTC_d2e6c.dir/build.make:85: CMakeFiles/cmTC_d2e6c.dir/src.cxx.o] Error 1
make[1]: Leaving directory '/home/pnotz17/Transmission/build/CMakeFiles/CMakeTmp'
make: *** [Makefile:140: cmTC_d2e6c/fast] Error 2


Source file was:
int main() { return 0; }
Determining if the include file xfs/xfs.h exists failed with the following output:
Change Dir: /home/pnotz17/Transmission/build/CMakeFiles/CMakeTmp

Run Build Command(s):/bin/make cmTC_02b23/fast && /bin/make  -f CMakeFiles/cmTC_02b23.dir/build.make CMakeFiles/cmTC_02b23.dir/build
make[1]: Entering directory '/home/pnotz17/Transmission/build/CMakeFiles/CMakeTmp'
Building C object CMakeFiles/cmTC_02b23.dir/CheckIncludeFile.c.o
/bin/cc    -o CMakeFiles/cmTC_02b23.dir/CheckIncludeFile.c.o -c /home/pnotz17/Transmission/build/CMakeFiles/CMakeTmp/CheckIncludeFile.c
/home/pnotz17/Transmission/build/CMakeFiles/CMakeTmp/CheckIncludeFile.c:1:10: fatal error: xfs/xfs.h: No such file or directory
    1 | #include <xfs/xfs.h>
      |          ^~~~~~~~~~~
compilation terminated.
make[1]: *** [CMakeFiles/cmTC_02b23.dir/build.make:85: CMakeFiles/cmTC_02b23.dir/CheckIncludeFile.c.o] Error 1
make[1]: Leaving directory '/home/pnotz17/Transmission/build/CMakeFiles/CMakeTmp'
make: *** [Makefile:140: cmTC_02b23/fast] Error 2



Determining if the include file xlocale.h exists failed with the following output:
Change Dir: /home/pnotz17/Transmission/build/CMakeFiles/CMakeTmp

Run Build Command(s):/bin/make cmTC_87618/fast && /bin/make  -f CMakeFiles/cmTC_87618.dir/build.make CMakeFiles/cmTC_87618.dir/build
make[1]: Entering directory '/home/pnotz17/Transmission/build/CMakeFiles/CMakeTmp'
Building C object CMakeFiles/cmTC_87618.dir/CheckIncludeFile.c.o
/bin/cc    -o CMakeFiles/cmTC_87618.dir/CheckIncludeFile.c.o -c /home/pnotz17/Transmission/build/CMakeFiles/CMakeTmp/CheckIncludeFile.c
/home/pnotz17/Transmission/build/CMakeFiles/CMakeTmp/CheckIncludeFile.c:1:10: fatal error: xlocale.h: No such file or directory
    1 | #include <xlocale.h>
      |          ^~~~~~~~~~~
compilation terminated.
make[1]: *** [CMakeFiles/cmTC_87618.dir/build.make:85: CMakeFiles/cmTC_87618.dir/CheckIncludeFile.c.o] Error 1
make[1]: Leaving directory '/home/pnotz17/Transmission/build/CMakeFiles/CMakeTmp'
make: *** [Makefile:140: cmTC_87618/fast] Error 2



Determining if the function _configthreadlocale exists failed with the following output:
Change Dir: /home/pnotz17/Transmission/build/CMakeFiles/CMakeTmp

Run Build Command(s):/bin/make cmTC_87e88/fast && /bin/make  -f CMakeFiles/cmTC_87e88.dir/build.make CMakeFiles/cmTC_87e88.dir/build
make[1]: Entering directory '/home/pnotz17/Transmission/build/CMakeFiles/CMakeTmp'
Building C object CMakeFiles/cmTC_87e88.dir/CheckFunctionExists.c.o
/bin/cc   -DCHECK_FUNCTION_EXISTS=_configthreadlocale -o CMakeFiles/cmTC_87e88.dir/CheckFunctionExists.c.o -c /usr/share/cmake-3.19/Modules/CheckFunctionExists.c
Linking C executable cmTC_87e88
/usr/bin/cmake -E cmake_link_script CMakeFiles/cmTC_87e88.dir/link.txt --verbose=1
/bin/cc  -DCHECK_FUNCTION_EXISTS=_configthreadlocale -rdynamic CMakeFiles/cmTC_87e88.dir/CheckFunctionExists.c.o -o cmTC_87e88 
/bin/ld: CMakeFiles/cmTC_87e88.dir/CheckFunctionExists.c.o: in function `main':
CheckFunctionExists.c:(.text+0x10): undefined reference to `_configthreadlocale'
collect2: error: ld returned 1 exit status
make[1]: *** [CMakeFiles/cmTC_87e88.dir/build.make:106: cmTC_87e88] Error 1
make[1]: Leaving directory '/home/pnotz17/Transmission/build/CMakeFiles/CMakeTmp'
make: *** [Makefile:140: cmTC_87e88/fast] Error 2



Determining if the function gmtime_s exists failed with the following output:
Change Dir: /home/pnotz17/Transmission/build/CMakeFiles/CMakeTmp

Run Build Command(s):/bin/make cmTC_e4057/fast && /bin/make  -f CMakeFiles/cmTC_e4057.dir/build.make CMakeFiles/cmTC_e4057.dir/build
make[1]: Entering directory '/home/pnotz17/Transmission/build/CMakeFiles/CMakeTmp'
Building C object CMakeFiles/cmTC_e4057.dir/CheckFunctionExists.c.o
/bin/cc   -DCHECK_FUNCTION_EXISTS=gmtime_s -o CMakeFiles/cmTC_e4057.dir/CheckFunctionExists.c.o -c /usr/share/cmake-3.19/Modules/CheckFunctionExists.c
Linking C executable cmTC_e4057
/usr/bin/cmake -E cmake_link_script CMakeFiles/cmTC_e4057.dir/link.txt --verbose=1
/bin/cc  -DCHECK_FUNCTION_EXISTS=gmtime_s -rdynamic CMakeFiles/cmTC_e4057.dir/CheckFunctionExists.c.o -o cmTC_e4057 
/bin/ld: CMakeFiles/cmTC_e4057.dir/CheckFunctionExists.c.o: in function `main':
CheckFunctionExists.c:(.text+0x10): undefined reference to `gmtime_s'
collect2: error: ld returned 1 exit status
make[1]: *** [CMakeFiles/cmTC_e4057.dir/build.make:106: cmTC_e4057] Error 1
make[1]: Leaving directory '/home/pnotz17/Transmission/build/CMakeFiles/CMakeTmp'
make: *** [Makefile:140: cmTC_e4057/fast] Error 2



Determining if the function htonll exists failed with the following output:
Change Dir: /home/pnotz17/Transmission/build/CMakeFiles/CMakeTmp

Run Build Command(s):/bin/make cmTC_6bc6b/fast && /bin/make  -f CMakeFiles/cmTC_6bc6b.dir/build.make CMakeFiles/cmTC_6bc6b.dir/build
make[1]: Entering directory '/home/pnotz17/Transmission/build/CMakeFiles/CMakeTmp'
Building C object CMakeFiles/cmTC_6bc6b.dir/CheckFunctionExists.c.o
/bin/cc   -DCHECK_FUNCTION_EXISTS=htonll -o CMakeFiles/cmTC_6bc6b.dir/CheckFunctionExists.c.o -c /usr/share/cmake-3.19/Modules/CheckFunctionExists.c
Linking C executable cmTC_6bc6b
/usr/bin/cmake -E cmake_link_script CMakeFiles/cmTC_6bc6b.dir/link.txt --verbose=1
/bin/cc  -DCHECK_FUNCTION_EXISTS=htonll -rdynamic CMakeFiles/cmTC_6bc6b.dir/CheckFunctionExists.c.o -o cmTC_6bc6b 
/bin/ld: CMakeFiles/cmTC_6bc6b.dir/CheckFunctionExists.c.o: in function `main':
CheckFunctionExists.c:(.text+0x10): undefined reference to `htonll'
collect2: error: ld returned 1 exit status
make[1]: *** [CMakeFiles/cmTC_6bc6b.dir/build.make:106: cmTC_6bc6b] Error 1
make[1]: Leaving directory '/home/pnotz17/Transmission/build/CMakeFiles/CMakeTmp'
make: *** [Makefile:140: cmTC_6bc6b/fast] Error 2



Determining if the function localtime_s exists failed with the following output:
Change Dir: /home/pnotz17/Transmission/build/CMakeFiles/CMakeTmp

Run Build Command(s):/bin/make cmTC_8756d/fast && /bin/make  -f CMakeFiles/cmTC_8756d.dir/build.make CMakeFiles/cmTC_8756d.dir/build
make[1]: Entering directory '/home/pnotz17/Transmission/build/CMakeFiles/CMakeTmp'
Building C object CMakeFiles/cmTC_8756d.dir/CheckFunctionExists.c.o
/bin/cc   -DCHECK_FUNCTION_EXISTS=localtime_s -o CMakeFiles/cmTC_8756d.dir/CheckFunctionExists.c.o -c /usr/share/cmake-3.19/Modules/CheckFunctionExists.c
Linking C executable cmTC_8756d
/usr/bin/cmake -E cmake_link_script CMakeFiles/cmTC_8756d.dir/link.txt --verbose=1
/bin/cc  -DCHECK_FUNCTION_EXISTS=localtime_s -rdynamic CMakeFiles/cmTC_8756d.dir/CheckFunctionExists.c.o -o cmTC_8756d 
/bin/ld: CMakeFiles/cmTC_8756d.dir/CheckFunctionExists.c.o: in function `main':
CheckFunctionExists.c:(.text+0x10): undefined reference to `localtime_s'
collect2: error: ld returned 1 exit status
make[1]: *** [CMakeFiles/cmTC_8756d.dir/build.make:106: cmTC_8756d] Error 1
make[1]: Leaving directory '/home/pnotz17/Transmission/build/CMakeFiles/CMakeTmp'
make: *** [Makefile:140: cmTC_8756d/fast] Error 2



Determining if the function ntohll exists failed with the following output:
Change Dir: /home/pnotz17/Transmission/build/CMakeFiles/CMakeTmp

Run Build Command(s):/bin/make cmTC_6094b/fast && /bin/make  -f CMakeFiles/cmTC_6094b.dir/build.make CMakeFiles/cmTC_6094b.dir/build
make[1]: Entering directory '/home/pnotz17/Transmission/build/CMakeFiles/CMakeTmp'
Building C object CMakeFiles/cmTC_6094b.dir/CheckFunctionExists.c.o
/bin/cc   -DCHECK_FUNCTION_EXISTS=ntohll -o CMakeFiles/cmTC_6094b.dir/CheckFunctionExists.c.o -c /usr/share/cmake-3.19/Modules/CheckFunctionExists.c
Linking C executable cmTC_6094b
/usr/bin/cmake -E cmake_link_script CMakeFiles/cmTC_6094b.dir/link.txt --verbose=1
/bin/cc  -DCHECK_FUNCTION_EXISTS=ntohll -rdynamic CMakeFiles/cmTC_6094b.dir/CheckFunctionExists.c.o -o cmTC_6094b 
/bin/ld: CMakeFiles/cmTC_6094b.dir/CheckFunctionExists.c.o: in function `main':
CheckFunctionExists.c:(.text+0x10): undefined reference to `ntohll'
collect2: error: ld returned 1 exit status
make[1]: *** [CMakeFiles/cmTC_6094b.dir/build.make:106: cmTC_6094b] Error 1
make[1]: Leaving directory '/home/pnotz17/Transmission/build/CMakeFiles/CMakeTmp'
make: *** [Makefile:140: cmTC_6094b/fast] Error 2



Determining if the function strlcpy exists failed with the following output:
Change Dir: /home/pnotz17/Transmission/build/CMakeFiles/CMakeTmp

Run Build Command(s):/bin/make cmTC_ffb53/fast && /bin/make  -f CMakeFiles/cmTC_ffb53.dir/build.make CMakeFiles/cmTC_ffb53.dir/build
make[1]: Entering directory '/home/pnotz17/Transmission/build/CMakeFiles/CMakeTmp'
Building C object CMakeFiles/cmTC_ffb53.dir/CheckFunctionExists.c.o
/bin/cc   -DCHECK_FUNCTION_EXISTS=strlcpy -o CMakeFiles/cmTC_ffb53.dir/CheckFunctionExists.c.o -c /usr/share/cmake-3.19/Modules/CheckFunctionExists.c
Linking C executable cmTC_ffb53
/usr/bin/cmake -E cmake_link_script CMakeFiles/cmTC_ffb53.dir/link.txt --verbose=1
/bin/cc  -DCHECK_FUNCTION_EXISTS=strlcpy -rdynamic CMakeFiles/cmTC_ffb53.dir/CheckFunctionExists.c.o -o cmTC_ffb53 
/bin/ld: CMakeFiles/cmTC_ffb53.dir/CheckFunctionExists.c.o: in function `main':
CheckFunctionExists.c:(.text+0x10): undefined reference to `strlcpy'
collect2: error: ld returned 1 exit status
make[1]: *** [CMakeFiles/cmTC_ffb53.dir/build.make:106: cmTC_ffb53] Error 1
make[1]: Leaving directory '/home/pnotz17/Transmission/build/CMakeFiles/CMakeTmp'
make: *** [Makefile:140: cmTC_ffb53/fast] Error 2



Determining if the function libintl_gettext exists in the intl failed with the following output:
Change Dir: /home/pnotz17/Transmission/build/CMakeFiles/CMakeTmp

Run Build Command(s):/bin/make cmTC_a1ab4/fast && /bin/make  -f CMakeFiles/cmTC_a1ab4.dir/build.make CMakeFiles/cmTC_a1ab4.dir/build
make[1]: Entering directory '/home/pnotz17/Transmission/build/CMakeFiles/CMakeTmp'
Building C object CMakeFiles/cmTC_a1ab4.dir/CheckFunctionExists.c.o
/bin/cc   -DCHECK_FUNCTION_EXISTS=libintl_gettext -o CMakeFiles/cmTC_a1ab4.dir/CheckFunctionExists.c.o -c /usr/share/cmake-3.19/Modules/CheckFunctionExists.c
Linking C executable cmTC_a1ab4
/usr/bin/cmake -E cmake_link_script CMakeFiles/cmTC_a1ab4.dir/link.txt --verbose=1
/bin/cc  -DCHECK_FUNCTION_EXISTS=libintl_gettext -rdynamic CMakeFiles/cmTC_a1ab4.dir/CheckFunctionExists.c.o -o cmTC_a1ab4  -lintl 
/bin/ld: cannot find -lintl
collect2: error: ld returned 1 exit status
make[1]: *** [CMakeFiles/cmTC_a1ab4.dir/build.make:106: cmTC_a1ab4] Error 1
make[1]: Leaving directory '/home/pnotz17/Transmission/build/CMakeFiles/CMakeTmp'
make: *** [Makefile:140: cmTC_a1ab4/fast] Error 2



